# JRE version: OpenJDK Runtime Environment (21.0.5) (build 21.0.5+-13047016-b750.29)
# Java VM: OpenJDK 64-Bit Server VM (21.0.5+-13047016-b750.29, mixed mode, tiered, compressed oops, compressed class ptrs, g1 gc, windows-amd64)
GC Precious Log:
 CardTable entry size: 512
 Card Set container configuration: InlinePtr #cards 4 size 8 Array Of Cards #cards 16 size 48 Howl #buckets 8 coarsen threshold 3686 Howl Bitmap #cards 512 size 80 coarsen threshold 460 Card regions per heap region 1 cards per card region 4096
 CPUs: 12 total, 12 available
 Memory: 15755M
 Large Page Support: Disabled
 NUMA Support: Disabled
 Compressed Oops: Enabled (Zero based)
 Heap Region Size: 2M
 Heap Min Capacity: 8M
 Heap Initial Capacity: 8M
 Heap Max Capacity: 3940M
 Pre-touch: Disabled
 Parallel Workers: 10
 Concurrent Workers: 3
 Concurrent Refinement Workers: 10
 Periodic GC: Disabled
Heap:
 garbage-first heap   total 16384K, used 7585K [0x0000000709c00000, 0x0000000800000000)
  region size 2048K, 3 young (6144K), 1 survivors (2048K)
 Metaspace       used 10739K, committed 11008K, reserved 1114112K
  class space    used 1074K, committed 1216K, reserved 1048576K
GC Heap History (12 events):
Event: 0.318 GC heap before
{Heap before GC invocations=0 (full 0):
 garbage-first heap   total 8192K, used 0K [0x0000000709c00000, 0x0000000800000000)
  region size 2048K, 1 young (2048K), 0 survivors (0K)
 Metaspace       used 6630K, committed 6784K, reserved 1114112K
  class space    used 591K, committed 704K, reserved 1048576K
}
Event: 0.321 GC heap after
{Heap after GC invocations=1 (full 0):
 garbage-first heap   total 8192K, used 960K [0x0000000709c00000, 0x0000000800000000)
  region size 2048K, 1 young (2048K), 1 survivors (2048K)
 Metaspace       used 6630K, committed 6784K, reserved 1114112K
  class space    used 591K, committed 704K, reserved 1048576K
}
Event: 0.427 GC heap before
{Heap before GC invocations=1 (full 0):
 garbage-first heap   total 8192K, used 3008K [0x0000000709c00000, 0x0000000800000000)
  region size 2048K, 2 young (4096K), 1 survivors (2048K)
 Metaspace       used 7996K, committed 8128K, reserved 1114112K
  class space    used 748K, committed 768K, reserved 1048576K
}
Event: 0.431 GC heap after
{Heap after GC invocations=2 (full 0):
 garbage-first heap   total 8192K, used 1184K [0x0000000709c00000, 0x0000000800000000)
  region size 2048K, 1 young (2048K), 1 survivors (2048K)
 Metaspace       used 7996K, committed 8128K, reserved 1114112K
  class space    used 748K, committed 768K, reserved 1048576K
}
Event: 0.557 GC heap before
{Heap before GC invocations=2 (full 0):
 garbage-first heap   total 8192K, used 3232K [0x0000000709c00000, 0x0000000800000000)
  region size 2048K, 2 young (4096K), 1 survivors (2048K)
 Metaspace       used 9352K, committed 9536K, reserved 1114112K
  class space    used 897K, committed 960K, reserved 1048576K
}
Event: 0.561 GC heap after
{Heap after GC invocations=3 (full 0):
 garbage-first heap   total 8192K, used 1674K [0x0000000709c00000, 0x0000000800000000)
  region size 2048K, 1 young (2048K), 1 survivors (2048K)
 Metaspace       used 9352K, committed 9536K, reserved 1114112K
  class space    used 897K, committed 960K, reserved 1048576K
}
Event: 0.636 GC heap before
{Heap before GC invocations=3 (full 0):
 garbage-first heap   total 8192K, used 3722K [0x0000000709c00000, 0x0000000800000000)
  region size 2048K, 2 young (4096K), 1 survivors (2048K)
 Metaspace       used 9729K, committed 9856K, reserved 1114112K
  class space    used 954K, committed 1024K, reserved 1048576K
}
Event: 0.642 GC heap after
{Heap after GC invocations=4 (full 0):
 garbage-first heap   total 8192K, used 2839K [0x0000000709c00000, 0x0000000800000000)
  region size 2048K, 1 young (2048K), 1 survivors (2048K)
 Metaspace       used 9729K, committed 9856K, reserved 1114112K
  class space    used 954K, committed 1024K, reserved 1048576K
}
Event: 0.716 GC heap before
{Heap before GC invocations=4 (full 0):
 garbage-first heap   total 8192K, used 4887K [0x0000000709c00000, 0x0000000800000000)
  region size 2048K, 2 young (4096K), 1 survivors (2048K)
 Metaspace       used 10006K, committed 10176K, reserved 1114112K
  class space    used 987K, committed 1088K, reserved 1048576K
}
Event: 0.722 GC heap after
{Heap after GC invocations=5 (full 0):
 garbage-first heap   total 10240K, used 3370K [0x0000000709c00000, 0x0000000800000000)
  region size 2048K, 1 young (2048K), 1 survivors (2048K)
 Metaspace       used 10006K, committed 10176K, reserved 1114112K
  class space    used 987K, committed 1088K, reserved 1048576K
}
Event: 0.775 GC heap before
{Heap before GC invocations=5 (full 0):
 garbage-first heap   total 10240K, used 5418K [0x0000000709c00000, 0x0000000800000000)
  region size 2048K, 2 young (4096K), 1 survivors (2048K)
 Metaspace       used 10272K, committed 10560K, reserved 1114112K
  class space    used 1033K, committed 1216K, reserved 1048576K
}
Event: 0.778 GC heap after
{Heap after GC invocations=6 (full 0):
 garbage-first heap   total 16384K, used 3489K [0x0000000709c00000, 0x0000000800000000)
  region size 2048K, 1 young (2048K), 1 survivors (2048K)
 Metaspace       used 10272K, committed 10560K, reserved 1114112K
  class space    used 1033K, committed 1216K, reserved 1048576K
}

